<!DOCTYPE html PUBLIC "-//W3C//DTD XHTML 1.1//EN" "https://www.w3.org/TR/xhtml11/DTD/xhtml11.dtd">
<html xmlns="https://www.w3.org/1999/xhtml">
<head>
<meta charset='utf-8'>
<title>TestNG Report</title>
<style type="text/css">
table {margin-bottom:10px;border-collapse:collapse;empty-cells:show}
td,th {border:1px solid #009;padding:.25em .5em}
.result th {vertical-align:bottom}
.param th {padding-left:1em;padding-right:1em}
.param td {padding-left:.5em;padding-right:2em}
.stripe td,.stripe th {background-color: #E6EBF9}
.numi,.numi_attn {text-align:right}
.total td {font-weight:bold}
.passedodd td {background-color: #0A0}
.passedeven td {background-color: #3F3}
.skippedodd td {background-color: #CCC}
.skippedodd td {background-color: #DDD}
.failedodd td,.numi_attn {background-color: #F33}
.failedeven td,.stripe .numi_attn {background-color: #D00}
.stacktrace {white-space:pre;font-family:monospace}
.totop {font-size:85%;text-align:center;border-bottom:2px solid #000}
</style>
</head>
<body>
<table cellspacing="0" cellpadding="0" class="testOverview">
<tr><th>Test</th><th>Methods<br/>Passed</th><th>Scenarios<br/>Passed</th><th># skipped</th><th># failed</th><th>Total<br/>Time</th><th>Included<br/>Groups</th><th>Excluded<br/>Groups</th></tr>
<tr><td style="text-align:left;padding-right:2em"><a href="#t1">All tests </a></td><td class="numi">5</td><td class="numi">5</td><td class="numi">0</td><td class="numi_attn">2</td><td class="numi">66.4 seconds</td><td class="numi"></td><td class="numi"></td></tr>
</table>
<table cellspacing="0" cellpadding="0" class="methodOverview" id="summary">
<tr><th>Class</th><th>Method</th><th># of<br/>Scenarios</th><th>Start</th><th>Time<br/>(ms)</th></tr>
<tr id="t1"><th colspan="5">All tests  &#8212; failed</th></tr>
<tr class="failedodd"><td rowspan="2">googleTests.GoogleTests</td><td><a href="#m1"><b>task1</b>  </a></td><td class="numi">2</td><td>1651304965688</td><td class="numi">4894</td></tr><tr class="failedodd"><td><a href="#m2"><b>task1</b>  </a></td><td class="numi">2</td><td>1651304965688</td><td class="numi">4894</td></tr>
<tr><th colspan="5">All tests  &#8212; passed</th></tr>
<tr class="passedodd"><td>API.APITests</td><td><a href="#m3"><b>validateApiBody</b>  </a></td><td class="numi">1</td><td>1651304955125</td><td class="numi">6816</td></tr>
<tr class="passedeven"><td>vertex42Tests.DownloadFileTest</td><td><a href="#m4"><b>task5</b>  </a></td><td class="numi">1</td><td>1651304979245</td><td class="numi">25609</td></tr>
<tr class="passedodd"><td>herokuappTests.UploadTest</td><td><a href="#m5"><b>task4</b>  </a></td><td class="numi">1</td><td>1651304951715</td><td class="numi">791</td></tr>
<tr class="passedeven"><td>herokuappTests.CheckBoxTest</td><td><a href="#m6"><b>task2</b>  </a></td><td class="numi">1</td><td>1651304952042</td><td class="numi">278</td></tr>
<tr class="passedodd"><td>w3cschoolsTests.TestTable</td><td><a href="#m7"><b>task3</b>  </a></td><td class="numi">1</td><td>1651304979587</td><td class="numi">20437</td></tr>
</table>
<h1>All tests </h1>
<h2 id="m1">googleTests.GoogleTests:task1</h2>
<table cellspacing="0" cellpadding="0" class="result">
<tr class="param"><th>Parameter #1</th><th>Parameter #2</th></tr>
<tr class="param stripe"><td>2</td>
<td>https://www.javatpoint.com/selenium-tutorial</td>
</tr>
<tr><td colspan="2">
<div class="stacktrace">java.lang.AssertionError: expected [true] but found [false]
	at googleTests.GoogleTests.task1(GoogleTests.java:40)
	at java.base/java.util.concurrent.ThreadPoolExecutor.runWorker(ThreadPoolExecutor.java:1128)
	at java.base/java.util.concurrent.ThreadPoolExecutor$Worker.run(ThreadPoolExecutor.java:628)
	at java.base/java.lang.Thread.run(Thread.java:834)
... Removed 16 stack frames</div>
</td></tr>
</table>
<p class="totop"><a href="#summary">back to summary</a></p>
<h2 id="m2">googleTests.GoogleTests:task1</h2>
<table cellspacing="0" cellpadding="0" class="result">
<tr class="param"><th>Parameter #1</th><th>Parameter #2</th></tr>
<tr class="param stripe"><td>3</td>
<td>https://www.tutorialspoint.com/selenium/index.htm</td>
</tr>
<tr><td colspan="2">
<div class="stacktrace">java.lang.AssertionError: expected [true] but found [false]
	at googleTests.GoogleTests.task1(GoogleTests.java:40)
	at java.base/java.util.concurrent.ThreadPoolExecutor.runWorker(ThreadPoolExecutor.java:1128)
	at java.base/java.util.concurrent.ThreadPoolExecutor$Worker.run(ThreadPoolExecutor.java:628)
	at java.base/java.lang.Thread.run(Thread.java:834)
... Removed 16 stack frames</div>
</td></tr>
</table>
<p class="totop"><a href="#summary">back to summary</a></p>
<h2 id="m3">API.APITests:validateApiBody</h2>
<table cellspacing="0" cellpadding="0" class="result">
<tr class="param"><th>Parameter #1</th><th>Parameter #2</th><th>Parameter #3</th></tr>
<tr class="param stripe"><td>Ahmed</td>
<td>33</td>
<td>133489</td>
</tr>
</table>
<p class="totop"><a href="#summary">back to summary</a></p>
<h2 id="m4">vertex42Tests.DownloadFileTest:task5</h2>
<p class="totop"><a href="#summary">back to summary</a></p>
<h2 id="m5">herokuappTests.UploadTest:task4</h2>
<p class="totop"><a href="#summary">back to summary</a></p>
<h2 id="m6">herokuappTests.CheckBoxTest:task2</h2>
<p class="totop"><a href="#summary">back to summary</a></p>
<h2 id="m7">w3cschoolsTests.TestTable:task3</h2>
<p class="totop"><a href="#summary">back to summary</a></p>
</body></html>
